<?xml version="1.0" encoding="UTF-8"?>
<!-- Generated by org.testng.reporters.JUnitXMLReporter -->
<testsuite ignored="0" hostname="DESKTOP-DS81VAM" failures="0" tests="2" name="Default test" time="0.141" errors="0" timestamp="2022-06-12T17:01:55 IST">
  <testcase classname="tests.VerifyApplicationHeader" name="@BeforeTest launchthebrowser" time="-1.655033515329E9">
    <failure type="org.testng.TestNGException" message="
Parameter &amp;apos;browser&amp;apos; is required by BeforeTest on method launchthebrowser but has not been marked @Optional or defined
in C:\Users\sagar\AppData\Local\Temp\testng-eclipse-450214340\testng-customsuite.xml">
      <![CDATA[org.testng.TestNGException: 
Parameter 'browser' is required by BeforeTest on method launchthebrowser but has not been marked @Optional or defined
in C:\Users\sagar\AppData\Local\Temp\testng-eclipse-450214340\testng-customsuite.xml
at org.testng.internal.Parameters.createParams(Parameters.java:268)
at org.testng.internal.Parameters.createParametersForMethod(Parameters.java:356)
at org.testng.internal.Parameters.createParameters(Parameters.java:700)
at org.testng.internal.Parameters.createConfigurationParameters(Parameters.java:166)
at org.testng.internal.ConfigInvoker.invokeConfigurations(ConfigInvoker.java:301)
at org.testng.TestRunner.invokeTestConfigurations(TestRunner.java:617)
at org.testng.TestRunner.beforeRun(TestRunner.java:607)
at org.testng.TestRunner.run(TestRunner.java:578)
at org.testng.SuiteRunner.runTest(SuiteRunner.java:384)
at org.testng.SuiteRunner.runSequentially(SuiteRunner.java:378)
at org.testng.SuiteRunner.privateRun(SuiteRunner.java:337)
at org.testng.SuiteRunner.run(SuiteRunner.java:286)
at org.testng.SuiteRunnerWorker.runSuite(SuiteRunnerWorker.java:53)
at org.testng.SuiteRunnerWorker.run(SuiteRunnerWorker.java:96)
at org.testng.TestNG.runSuitesSequentially(TestNG.java:1218)
at org.testng.TestNG.runSuitesLocally(TestNG.java:1140)
at org.testng.TestNG.runSuites(TestNG.java:1069)
at org.testng.TestNG.run(TestNG.java:1037)
at org.testng.remote.AbstractRemoteTestNG.run(AbstractRemoteTestNG.java:115)
at org.testng.remote.RemoteTestNG.initAndRun(RemoteTestNG.java:251)
at org.testng.remote.RemoteTestNG.main(RemoteTestNG.java:77)
]]>
    </failure>
  </testcase> <!-- @BeforeTest launchthebrowser -->
  <testcase classname="tests.VerifyApplicationHeader" name="@BeforeClass launchthebrowser" time="-1.655033515379E9">
    <skipped/>
  </testcase> <!-- @BeforeClass launchthebrowser -->
  <testcase classname="tests.VerifyApplicationHeader" name="@BeforeMethod logintoFb" time="-1.655033515413E9">
    <skipped/>
  </testcase> <!-- @BeforeMethod logintoFb -->
  <testcase classname="tests.VerifyApplicationHeader" name="@AfterMethod logoutfromFb" time="-1.655033515425E9">
    <skipped/>
  </testcase> <!-- @AfterMethod logoutfromFb -->
  <testcase classname="tests.VerifyApplicationHeader" name="@BeforeMethod logintoFb" time="-1.655033515428E9">
    <skipped/>
  </testcase> <!-- @BeforeMethod logintoFb -->
  <testcase classname="tests.VerifyApplicationHeader" name="@AfterMethod logoutfromFb" time="-1.65503351544E9">
    <skipped/>
  </testcase> <!-- @AfterMethod logoutfromFb -->
  <testcase classname="tests.VerifyApplicationHeader" name="@AfterClass alpha" time="-1.655033515445E9">
    <skipped/>
  </testcase> <!-- @AfterClass alpha -->
  <testcase classname="tests.VerifyApplicationHeader" name="@AfterTest closeBrowser" time="-1.655033515457E9">
    <skipped/>
  </testcase> <!-- @AfterTest closeBrowser -->
  <testcase classname="tests.VerifyApplicationHeader" name="verifyMarketplace" time="0.0">
    <skipped/>
  </testcase> <!-- verifyMarketplace -->
  <testcase classname="tests.VerifyApplicationHeader" name="verifyWatch" time="0.0">
    <skipped/>
  </testcase> <!-- verifyWatch -->
</testsuite> <!-- Default test -->
