<?xml version="1.0" encoding="UTF-8"?>
<testng-results ignored="0" total="2" passed="0" failed="0" skipped="2">
  <reporter-output>
  </reporter-output>
  <suite started-at="2022-06-12T17:01:55 IST" name="Default suite" finished-at="2022-06-12T17:01:55 IST" duration-ms="141">
    <groups>
    </groups>
    <test started-at="2022-06-12T17:01:55 IST" name="Default test" finished-at="2022-06-12T17:01:55 IST" duration-ms="141">
      <class name="tests.VerifyApplicationHeader">
        <test-method is-config="true" signature="launchthebrowser(java.lang.String)[pri:0, instance:tests.VerifyApplicationHeader@1ffe63b9]" started-at="2022-06-12T17:01:55 IST" name="launchthebrowser" finished-at="1970-01-01T05:30:00 IST" duration-ms="-1655033515329" status="FAIL">
          <exception class="org.testng.TestNGException">
            <message>
              <![CDATA[
Parameter 'browser' is required by BeforeTest on method launchthebrowser but has not been marked @Optional or defined
in C:\Users\sagar\AppData\Local\Temp\testng-eclipse-450214340\testng-customsuite.xml]]>
            </message>
            <full-stacktrace>
              <![CDATA[org.testng.TestNGException: 
Parameter 'browser' is required by BeforeTest on method launchthebrowser but has not been marked @Optional or defined
in C:\Users\sagar\AppData\Local\Temp\testng-eclipse-450214340\testng-customsuite.xml
at org.testng.internal.Parameters.createParams(Parameters.java:268)
at org.testng.internal.Parameters.createParametersForMethod(Parameters.java:356)
at org.testng.internal.Parameters.createParameters(Parameters.java:700)
at org.testng.internal.Parameters.createConfigurationParameters(Parameters.java:166)
at org.testng.internal.ConfigInvoker.invokeConfigurations(ConfigInvoker.java:301)
at org.testng.TestRunner.invokeTestConfigurations(TestRunner.java:617)
at org.testng.TestRunner.beforeRun(TestRunner.java:607)
at org.testng.TestRunner.run(TestRunner.java:578)
at org.testng.SuiteRunner.runTest(SuiteRunner.java:384)
at org.testng.SuiteRunner.runSequentially(SuiteRunner.java:378)
at org.testng.SuiteRunner.privateRun(SuiteRunner.java:337)
at org.testng.SuiteRunner.run(SuiteRunner.java:286)
at org.testng.SuiteRunnerWorker.runSuite(SuiteRunnerWorker.java:53)
at org.testng.SuiteRunnerWorker.run(SuiteRunnerWorker.java:96)
at org.testng.TestNG.runSuitesSequentially(TestNG.java:1218)
at org.testng.TestNG.runSuitesLocally(TestNG.java:1140)
at org.testng.TestNG.runSuites(TestNG.java:1069)
at org.testng.TestNG.run(TestNG.java:1037)
at org.testng.remote.AbstractRemoteTestNG.run(AbstractRemoteTestNG.java:115)
at org.testng.remote.RemoteTestNG.initAndRun(RemoteTestNG.java:251)
at org.testng.remote.RemoteTestNG.main(RemoteTestNG.java:77)
]]>
            </full-stacktrace>
          </exception> <!-- org.testng.TestNGException -->
          <reporter-output>
          </reporter-output>
        </test-method> <!-- launchthebrowser -->
        <test-method is-config="true" signature="launchthebrowser()[pri:0, instance:tests.VerifyApplicationHeader@1ffe63b9]" started-at="2022-06-12T17:01:55 IST" name="launchthebrowser" finished-at="1970-01-01T05:30:00 IST" duration-ms="-1655033515379" status="SKIP">
          <reporter-output>
          </reporter-output>
        </test-method> <!-- launchthebrowser -->
        <test-method is-config="true" signature="logintoFb()[pri:0, instance:tests.VerifyApplicationHeader@1ffe63b9]" started-at="2022-06-12T17:01:55 IST" name="logintoFb" finished-at="1970-01-01T05:30:00 IST" duration-ms="-1655033515413" status="SKIP">
          <reporter-output>
          </reporter-output>
        </test-method> <!-- logintoFb -->
        <test-method signature="verifyMarketplace()[pri:0, instance:tests.VerifyApplicationHeader@1ffe63b9]" started-at="2022-06-12T17:01:55 IST" name="verifyMarketplace" finished-at="2022-06-12T17:01:55 IST" duration-ms="0" status="SKIP">
          <exception class="org.testng.TestNGException">
            <message>
              <![CDATA[
Parameter 'browser' is required by BeforeTest on method launchthebrowser but has not been marked @Optional or defined
in C:\Users\sagar\AppData\Local\Temp\testng-eclipse-450214340\testng-customsuite.xml]]>
            </message>
            <full-stacktrace>
              <![CDATA[org.testng.TestNGException: 
Parameter 'browser' is required by BeforeTest on method launchthebrowser but has not been marked @Optional or defined
in C:\Users\sagar\AppData\Local\Temp\testng-eclipse-450214340\testng-customsuite.xml
at org.testng.internal.Parameters.createParams(Parameters.java:268)
at org.testng.internal.Parameters.createParametersForMethod(Parameters.java:356)
at org.testng.internal.Parameters.createParameters(Parameters.java:700)
at org.testng.internal.Parameters.createConfigurationParameters(Parameters.java:166)
at org.testng.internal.ConfigInvoker.invokeConfigurations(ConfigInvoker.java:301)
at org.testng.TestRunner.invokeTestConfigurations(TestRunner.java:617)
at org.testng.TestRunner.beforeRun(TestRunner.java:607)
at org.testng.TestRunner.run(TestRunner.java:578)
at org.testng.SuiteRunner.runTest(SuiteRunner.java:384)
at org.testng.SuiteRunner.runSequentially(SuiteRunner.java:378)
at org.testng.SuiteRunner.privateRun(SuiteRunner.java:337)
at org.testng.SuiteRunner.run(SuiteRunner.java:286)
at org.testng.SuiteRunnerWorker.runSuite(SuiteRunnerWorker.java:53)
at org.testng.SuiteRunnerWorker.run(SuiteRunnerWorker.java:96)
at org.testng.TestNG.runSuitesSequentially(TestNG.java:1218)
at org.testng.TestNG.runSuitesLocally(TestNG.java:1140)
at org.testng.TestNG.runSuites(TestNG.java:1069)
at org.testng.TestNG.run(TestNG.java:1037)
at org.testng.remote.AbstractRemoteTestNG.run(AbstractRemoteTestNG.java:115)
at org.testng.remote.RemoteTestNG.initAndRun(RemoteTestNG.java:251)
at org.testng.remote.RemoteTestNG.main(RemoteTestNG.java:77)
]]>
            </full-stacktrace>
          </exception> <!-- org.testng.TestNGException -->
          <reporter-output>
          </reporter-output>
        </test-method> <!-- verifyMarketplace -->
        <test-method is-config="true" signature="logoutfromFb()[pri:0, instance:tests.VerifyApplicationHeader@1ffe63b9]" started-at="2022-06-12T17:01:55 IST" name="logoutfromFb" finished-at="1970-01-01T05:30:00 IST" duration-ms="-1655033515425" status="SKIP">
          <reporter-output>
          </reporter-output>
        </test-method> <!-- logoutfromFb -->
        <test-method is-config="true" signature="logintoFb()[pri:0, instance:tests.VerifyApplicationHeader@1ffe63b9]" started-at="2022-06-12T17:01:55 IST" name="logintoFb" finished-at="1970-01-01T05:30:00 IST" duration-ms="-1655033515428" status="SKIP">
          <reporter-output>
          </reporter-output>
        </test-method> <!-- logintoFb -->
        <test-method signature="verifyWatch()[pri:0, instance:tests.VerifyApplicationHeader@1ffe63b9]" started-at="2022-06-12T17:01:55 IST" name="verifyWatch" finished-at="2022-06-12T17:01:55 IST" duration-ms="0" status="SKIP">
          <exception class="org.testng.TestNGException">
            <message>
              <![CDATA[
Parameter 'browser' is required by BeforeTest on method launchthebrowser but has not been marked @Optional or defined
in C:\Users\sagar\AppData\Local\Temp\testng-eclipse-450214340\testng-customsuite.xml]]>
            </message>
            <full-stacktrace>
              <![CDATA[org.testng.TestNGException: 
Parameter 'browser' is required by BeforeTest on method launchthebrowser but has not been marked @Optional or defined
in C:\Users\sagar\AppData\Local\Temp\testng-eclipse-450214340\testng-customsuite.xml
at org.testng.internal.Parameters.createParams(Parameters.java:268)
at org.testng.internal.Parameters.createParametersForMethod(Parameters.java:356)
at org.testng.internal.Parameters.createParameters(Parameters.java:700)
at org.testng.internal.Parameters.createConfigurationParameters(Parameters.java:166)
at org.testng.internal.ConfigInvoker.invokeConfigurations(ConfigInvoker.java:301)
at org.testng.TestRunner.invokeTestConfigurations(TestRunner.java:617)
at org.testng.TestRunner.beforeRun(TestRunner.java:607)
at org.testng.TestRunner.run(TestRunner.java:578)
at org.testng.SuiteRunner.runTest(SuiteRunner.java:384)
at org.testng.SuiteRunner.runSequentially(SuiteRunner.java:378)
at org.testng.SuiteRunner.privateRun(SuiteRunner.java:337)
at org.testng.SuiteRunner.run(SuiteRunner.java:286)
at org.testng.SuiteRunnerWorker.runSuite(SuiteRunnerWorker.java:53)
at org.testng.SuiteRunnerWorker.run(SuiteRunnerWorker.java:96)
at org.testng.TestNG.runSuitesSequentially(TestNG.java:1218)
at org.testng.TestNG.runSuitesLocally(TestNG.java:1140)
at org.testng.TestNG.runSuites(TestNG.java:1069)
at org.testng.TestNG.run(TestNG.java:1037)
at org.testng.remote.AbstractRemoteTestNG.run(AbstractRemoteTestNG.java:115)
at org.testng.remote.RemoteTestNG.initAndRun(RemoteTestNG.java:251)
at org.testng.remote.RemoteTestNG.main(RemoteTestNG.java:77)
]]>
            </full-stacktrace>
          </exception> <!-- org.testng.TestNGException -->
          <reporter-output>
          </reporter-output>
        </test-method> <!-- verifyWatch -->
        <test-method is-config="true" signature="logoutfromFb()[pri:0, instance:tests.VerifyApplicationHeader@1ffe63b9]" started-at="2022-06-12T17:01:55 IST" name="logoutfromFb" finished-at="1970-01-01T05:30:00 IST" duration-ms="-1655033515440" status="SKIP">
          <reporter-output>
          </reporter-output>
        </test-method> <!-- logoutfromFb -->
        <test-method is-config="true" signature="alpha()[pri:0, instance:tests.VerifyApplicationHeader@1ffe63b9]" started-at="2022-06-12T17:01:55 IST" name="alpha" finished-at="1970-01-01T05:30:00 IST" duration-ms="-1655033515445" status="SKIP">
          <reporter-output>
          </reporter-output>
        </test-method> <!-- alpha -->
        <test-method is-config="true" signature="closeBrowser()[pri:0, instance:tests.VerifyApplicationHeader@1ffe63b9]" started-at="2022-06-12T17:01:55 IST" name="closeBrowser" finished-at="1970-01-01T05:30:00 IST" duration-ms="-1655033515457" status="SKIP">
          <reporter-output>
          </reporter-output>
        </test-method> <!-- closeBrowser -->
      </class> <!-- tests.VerifyApplicationHeader -->
    </test> <!-- Default test -->
  </suite> <!-- Default suite -->
</testng-results>
