<?xml version="1.0" encoding="UTF-8"?>
<!-- Generated by org.testng.reporters.JUnitXMLReporter -->
<testsuite ignored="0" hostname="DESKTOP-DS81VAM" failures="0" tests="2" name="Test" time="0.165" errors="0" timestamp="2022-06-04T18:44:46 IST">
  <testcase classname="tests.VerifyApplicationHeader" name="@BeforeTest launchthebrowser" time="-1.654348486323E9">
    <failure type="org.testng.TestNGException" message="
Parameter &amp;apos;browsers&amp;apos; is required by BeforeTest on method launchthebrowser but has not been marked @Optional or defined
in C:\Users\sagar\eclipse-workspace\TestingNewProject\testng.xml">
      <![CDATA[org.testng.TestNGException: 
Parameter 'browsers' is required by BeforeTest on method launchthebrowser but has not been marked @Optional or defined
in C:\Users\sagar\eclipse-workspace\TestingNewProject\testng.xml
... Removed 21 stack frames]]>
    </failure>
  </testcase> <!-- @BeforeTest launchthebrowser -->
  <testcase classname="tests.VerifyApplicationHeader" name="@BeforeClass launchthebrowser" time="-1.654348486371E9">
    <skipped/>
  </testcase> <!-- @BeforeClass launchthebrowser -->
  <testcase classname="tests.VerifyApplicationHeader" name="@BeforeMethod logintoFb" time="-1.654348486427E9">
    <skipped/>
  </testcase> <!-- @BeforeMethod logintoFb -->
  <testcase classname="tests.VerifyApplicationHeader" name="@AfterMethod logoutfromFb" time="-1.654348486449E9">
    <skipped/>
  </testcase> <!-- @AfterMethod logoutfromFb -->
  <testcase classname="tests.VerifyApplicationHeader" name="@BeforeMethod logintoFb" time="-1.654348486453E9">
    <skipped/>
  </testcase> <!-- @BeforeMethod logintoFb -->
  <testcase classname="tests.VerifyApplicationHeader" name="@AfterMethod logoutfromFb" time="-1.654348486465E9">
    <skipped/>
  </testcase> <!-- @AfterMethod logoutfromFb -->
  <testcase classname="tests.VerifyApplicationHeader" name="@AfterClass alpha" time="-1.654348486468E9">
    <skipped/>
  </testcase> <!-- @AfterClass alpha -->
  <testcase classname="tests.VerifyApplicationHeader" name="@AfterTest closeBrowser" time="-1.654348486474E9">
    <skipped/>
  </testcase> <!-- @AfterTest closeBrowser -->
  <testcase classname="tests.VerifyApplicationHeader" name="verifyMarketplace" time="0.0">
    <skipped/>
  </testcase> <!-- verifyMarketplace -->
  <testcase classname="tests.VerifyApplicationHeader" name="verifyWatch" time="0.0">
    <skipped/>
  </testcase> <!-- verifyWatch -->
</testsuite> <!-- Test -->
